<?xml version="1.0" encoding="UTF-8"?>
<testsuite name="chap01.PasswordStrengthMeterTest" tests="9" skipped="0" failures="0" errors="0" timestamp="2022-01-18T03:53:30" hostname="SangWookui-MacBook-Pro.local" time="0.026">
  <properties/>
  <testcase name="meetsAllCriteria_Then_Strong()" classname="chap01.PasswordStrengthMeterTest" time="0.013"/>
  <testcase name="meetsOnlyLengthCriteria_Then_Weak()" classname="chap01.PasswordStrengthMeterTest" time="0.001"/>
  <testcase name="nullInput_Then_Invalid()" classname="chap01.PasswordStrengthMeterTest" time="0.001"/>
  <testcase name="meetsOtherCriteria_except_for_Uppercase_Then_Normal()" classname="chap01.PasswordStrengthMeterTest" time="0.001"/>
  <testcase name="emptyInput_Then_Invalid()" classname="chap01.PasswordStrengthMeterTest" time="0.001"/>
  <testcase name="meetsOtherCriteria_except_for_number_Then_Normal()" classname="chap01.PasswordStrengthMeterTest" time="0.001"/>
  <testcase name="meetsOnlyNumCriteria_Then_Weak()" classname="chap01.PasswordStrengthMeterTest" time="0.0"/>
  <testcase name="meetsOnlyUpperCriteria_Then_Weak()" classname="chap01.PasswordStrengthMeterTest" time="0.001"/>
  <testcase name="meetsOtherCriteria_except_for_Length_Then_Normal()" classname="chap01.PasswordStrengthMeterTest" time="0.001"/>
  <system-out><![CDATA[]]></system-out>
  <system-err><![CDATA[]]></system-err>
</testsuite>
